# JRE version: OpenJDK Runtime Environment (17.0.9) (build 17.0.9+0--11185874)
# Java VM: OpenJDK 64-Bit Server VM (17.0.9+0--11185874, mixed mode, tiered, compressed oops, compressed class ptrs, g1 gc, windows-amd64)
GC Precious Log:
 CPUs: 20 total, 20 available
 Memory: 16068M
 Large Page Support: Disabled
 NUMA Support: Disabled
 Compressed Oops: Enabled (Zero based)
 Heap Region Size: 2M
 Heap Min Capacity: 8M
 Heap Initial Capacity: 252M
 Heap Max Capacity: 4018M
 Pre-touch: Disabled
 Parallel Workers: 15
 Concurrent Workers: 4
 Concurrent Refinement Workers: 15
 Periodic GC: Disabled
Heap:
 garbage-first heap   total 260096K, used 159744K [0x0000000704e00000, 0x0000000800000000)
  region size 2048K, 1 young (2048K), 1 survivors (2048K)
 Metaspace       used 40246K, committed 40448K, reserved 1114112K
  class space    used 4755K, committed 4864K, reserved 1048576K
GC Heap History (20 events):
Event: 2.800 GC heap after
{Heap after GC invocations=9 (full 0):
 garbage-first heap   total 153600K, used 43842K [0x0000000704e00000, 0x0000000800000000)
  region size 2048K, 5 young (10240K), 5 survivors (10240K)
 Metaspace       used 30893K, committed 31168K, reserved 1114112K
  class space    used 3863K, committed 3968K, reserved 1048576K
}
Event: 3.026 GC heap before
{Heap before GC invocations=9 (full 0):
 garbage-first heap   total 153600K, used 66370K [0x0000000704e00000, 0x0000000800000000)
  region size 2048K, 17 young (34816K), 5 survivors (10240K)
 Metaspace       used 35802K, committed 35968K, reserved 1114112K
  class space    used 4326K, committed 4416K, reserved 1048576K
}
Event: 3.033 GC heap after
{Heap after GC invocations=10 (full 0):
 garbage-first heap   total 153600K, used 48563K [0x0000000704e00000, 0x0000000800000000)
  region size 2048K, 2 young (4096K), 2 survivors (4096K)
 Metaspace       used 35802K, committed 35968K, reserved 1114112K
  class space    used 4326K, committed 4416K, reserved 1048576K
}
Event: 3.506 GC heap before
{Heap before GC invocations=11 (full 0):
 garbage-first heap   total 153600K, used 95667K [0x0000000704e00000, 0x0000000800000000)
  region size 2048K, 26 young (53248K), 2 survivors (4096K)
 Metaspace       used 40152K, committed 40384K, reserved 1114112K
  class space    used 4755K, committed 4864K, reserved 1048576K
}
Event: 3.514 GC heap after
{Heap after GC invocations=12 (full 0):
 garbage-first heap   total 153600K, used 60610K [0x0000000704e00000, 0x0000000800000000)
  region size 2048K, 4 young (8192K), 4 survivors (8192K)
 Metaspace       used 40152K, committed 40384K, reserved 1114112K
  class space    used 4755K, committed 4864K, reserved 1048576K
}
Event: 3.793 GC heap before
{Heap before GC invocations=12 (full 0):
 garbage-first heap   total 153600K, used 105666K [0x0000000704e00000, 0x0000000800000000)
  region size 2048K, 26 young (53248K), 4 survivors (8192K)
 Metaspace       used 40244K, committed 40448K, reserved 1114112K
  class space    used 4755K, committed 4864K, reserved 1048576K
}
Event: 3.807 GC heap after
{Heap after GC invocations=13 (full 0):
 garbage-first heap   total 153600K, used 76703K [0x0000000704e00000, 0x0000000800000000)
  region size 2048K, 4 young (8192K), 4 survivors (8192K)
 Metaspace       used 40244K, committed 40448K, reserved 1114112K
  class space    used 4755K, committed 4864K, reserved 1048576K
}
Event: 3.967 GC heap before
{Heap before GC invocations=13 (full 0):
 garbage-first heap   total 153600K, used 109471K [0x0000000704e00000, 0x0000000800000000)
  region size 2048K, 20 young (40960K), 4 survivors (8192K)
 Metaspace       used 40246K, committed 40448K, reserved 1114112K
  class space    used 4755K, committed 4864K, reserved 1048576K
}
Event: 3.979 GC heap after
{Heap after GC invocations=14 (full 0):
 garbage-first heap   total 206848K, used 88940K [0x0000000704e00000, 0x0000000800000000)
  region size 2048K, 3 young (6144K), 3 survivors (6144K)
 Metaspace       used 40246K, committed 40448K, reserved 1114112K
  class space    used 4755K, committed 4864K, reserved 1048576K
}
Event: 4.200 GC heap before
{Heap before GC invocations=15 (full 0):
 garbage-first heap   total 206848K, used 140140K [0x0000000704e00000, 0x0000000800000000)
  region size 2048K, 28 young (57344K), 3 survivors (6144K)
 Metaspace       used 40246K, committed 40448K, reserved 1114112K
  class space    used 4755K, committed 4864K, reserved 1048576K
}
Event: 4.212 GC heap after
{Heap after GC invocations=16 (full 0):
 garbage-first heap   total 206848K, used 108482K [0x0000000704e00000, 0x0000000800000000)
  region size 2048K, 4 young (8192K), 4 survivors (8192K)
 Metaspace       used 40246K, committed 40448K, reserved 1114112K
  class space    used 4755K, committed 4864K, reserved 1048576K
}
Event: 4.448 GC heap before
{Heap before GC invocations=16 (full 0):
 garbage-first heap   total 206848K, used 149442K [0x0000000704e00000, 0x0000000800000000)
  region size 2048K, 24 young (49152K), 4 survivors (8192K)
 Metaspace       used 40246K, committed 40448K, reserved 1114112K
  class space    used 4755K, committed 4864K, reserved 1048576K
}
Event: 4.457 GC heap after
{Heap after GC invocations=17 (full 0):
 garbage-first heap   total 206848K, used 123644K [0x0000000704e00000, 0x0000000800000000)
  region size 2048K, 3 young (6144K), 3 survivors (6144K)
 Metaspace       used 40246K, committed 40448K, reserved 1114112K
  class space    used 4755K, committed 4864K, reserved 1048576K
}
Event: 4.589 GC heap before
{Heap before GC invocations=18 (full 0):
 garbage-first heap   total 219136K, used 154364K [0x0000000704e00000, 0x0000000800000000)
  region size 2048K, 18 young (36864K), 3 survivors (6144K)
 Metaspace       used 40246K, committed 40448K, reserved 1114112K
  class space    used 4755K, committed 4864K, reserved 1048576K
}
Event: 4.595 GC heap after
{Heap after GC invocations=19 (full 0):
 garbage-first heap   total 219136K, used 135800K [0x0000000704e00000, 0x0000000800000000)
  region size 2048K, 3 young (6144K), 3 survivors (6144K)
 Metaspace       used 40246K, committed 40448K, reserved 1114112K
  class space    used 4755K, committed 4864K, reserved 1048576K
}
Event: 4.693 GC heap before
{Heap before GC invocations=19 (full 0):
 garbage-first heap   total 219136K, used 166520K [0x0000000704e00000, 0x0000000800000000)
  region size 2048K, 18 young (36864K), 3 survivors (6144K)
 Metaspace       used 40246K, committed 40448K, reserved 1114112K
  class space    used 4755K, committed 4864K, reserved 1048576K
}
Event: 4.700 GC heap after
{Heap after GC invocations=20 (full 0):
 garbage-first heap   total 219136K, used 147456K [0x0000000704e00000, 0x0000000800000000)
  region size 2048K, 3 young (6144K), 3 survivors (6144K)
 Metaspace       used 40246K, committed 40448K, reserved 1114112K
  class space    used 4755K, committed 4864K, reserved 1048576K
}
Event: 4.815 GC heap before
{Heap before GC invocations=21 (full 0):
 garbage-first heap   total 260096K, used 172032K [0x0000000704e00000, 0x0000000800000000)
  region size 2048K, 15 young (30720K), 3 survivors (6144K)
 Metaspace       used 40246K, committed 40448K, reserved 1114112K
  class space    used 4755K, committed 4864K, reserved 1048576K
}
Event: 4.820 GC heap after
{Heap after GC invocations=22 (full 0):
 garbage-first heap   total 260096K, used 157500K [0x0000000704e00000, 0x0000000800000000)
  region size 2048K, 2 young (4096K), 2 survivors (4096K)
 Metaspace       used 40246K, committed 40448K, reserved 1114112K
  class space    used 4755K, committed 4864K, reserved 1048576K
}
Event: 4.852 GC heap before
{Heap before GC invocations=22 (full 0):
 garbage-first heap   total 260096K, used 165692K [0x0000000704e00000, 0x0000000800000000)
  region size 2048K, 6 young (12288K), 2 survivors (4096K)
 Metaspace       used 40246K, committed 40448K, reserved 1114112K
  class space    used 4755K, committed 4864K, reserved 1048576K
}

