# JRE version: OpenJDK Runtime Environment (17.0.9) (build 17.0.9+0--11185874)
# Java VM: OpenJDK 64-Bit Server VM (17.0.9+0--11185874, mixed mode, tiered, compressed oops, compressed class ptrs, g1 gc, windows-amd64)
GC Precious Log:
 CPUs: 20 total, 20 available
 Memory: 16068M
 Large Page Support: Disabled
 NUMA Support: Disabled
 Compressed Oops: Enabled (Zero based)
 Heap Region Size: 2M
 Heap Min Capacity: 8M
 Heap Initial Capacity: 252M
 Heap Max Capacity: 4018M
 Pre-touch: Disabled
 Parallel Workers: 15
 Concurrent Workers: 4
 Concurrent Refinement Workers: 15
 Periodic GC: Disabled
Heap:
 garbage-first heap   total 614400K, used 543086K [0x0000000704e00000, 0x0000000800000000)
  region size 2048K, 4 young (8192K), 2 survivors (4096K)
 Metaspace       used 72600K, committed 73024K, reserved 1114112K
  class space    used 8021K, committed 8256K, reserved 1048576K
GC Heap History (20 events):
Event: 27.210 GC heap before
{Heap before GC invocations=53 (full 0):
 garbage-first heap   total 614400K, used 536569K [0x0000000704e00000, 0x0000000800000000)
  region size 2048K, 20 young (40960K), 3 survivors (6144K)
 Metaspace       used 72313K, committed 72704K, reserved 1114112K
  class space    used 8018K, committed 8256K, reserved 1048576K
}
Event: 27.213 GC heap after
{Heap after GC invocations=54 (full 0):
 garbage-first heap   total 614400K, used 506123K [0x0000000704e00000, 0x0000000800000000)
  region size 2048K, 3 young (6144K), 3 survivors (6144K)
 Metaspace       used 72313K, committed 72704K, reserved 1114112K
  class space    used 8018K, committed 8256K, reserved 1048576K
}
Event: 27.447 GC heap before
{Heap before GC invocations=54 (full 0):
 garbage-first heap   total 614400K, used 536843K [0x0000000704e00000, 0x0000000800000000)
  region size 2048K, 18 young (36864K), 3 survivors (6144K)
 Metaspace       used 72341K, committed 72768K, reserved 1114112K
  class space    used 8018K, committed 8256K, reserved 1048576K
}
Event: 27.450 GC heap after
{Heap after GC invocations=55 (full 0):
 garbage-first heap   total 614400K, used 510776K [0x0000000704e00000, 0x0000000800000000)
  region size 2048K, 3 young (6144K), 3 survivors (6144K)
 Metaspace       used 72341K, committed 72768K, reserved 1114112K
  class space    used 8018K, committed 8256K, reserved 1048576K
}
Event: 27.682 GC heap before
{Heap before GC invocations=55 (full 0):
 garbage-first heap   total 614400K, used 539448K [0x0000000704e00000, 0x0000000800000000)
  region size 2048K, 17 young (34816K), 3 survivors (6144K)
 Metaspace       used 72351K, committed 72768K, reserved 1114112K
  class space    used 8018K, committed 8256K, reserved 1048576K
}
Event: 27.685 GC heap after
{Heap after GC invocations=56 (full 0):
 garbage-first heap   total 614400K, used 515735K [0x0000000704e00000, 0x0000000800000000)
  region size 2048K, 3 young (6144K), 3 survivors (6144K)
 Metaspace       used 72351K, committed 72768K, reserved 1114112K
  class space    used 8018K, committed 8256K, reserved 1048576K
}
Event: 27.900 GC heap before
{Heap before GC invocations=56 (full 0):
 garbage-first heap   total 614400K, used 540311K [0x0000000704e00000, 0x0000000800000000)
  region size 2048K, 15 young (30720K), 3 survivors (6144K)
 Metaspace       used 72381K, committed 72832K, reserved 1114112K
  class space    used 8018K, committed 8256K, reserved 1048576K
}
Event: 27.903 GC heap after
{Heap after GC invocations=57 (full 0):
 garbage-first heap   total 614400K, used 518859K [0x0000000704e00000, 0x0000000800000000)
  region size 2048K, 2 young (4096K), 2 survivors (4096K)
 Metaspace       used 72381K, committed 72832K, reserved 1114112K
  class space    used 8018K, committed 8256K, reserved 1048576K
}
Event: 28.111 GC heap before
{Heap before GC invocations=57 (full 0):
 garbage-first heap   total 614400K, used 545483K [0x0000000704e00000, 0x0000000800000000)
  region size 2048K, 15 young (30720K), 2 survivors (4096K)
 Metaspace       used 72445K, committed 72832K, reserved 1114112K
  class space    used 8020K, committed 8256K, reserved 1048576K
}
Event: 28.114 GC heap after
{Heap after GC invocations=58 (full 0):
 garbage-first heap   total 614400K, used 522280K [0x0000000704e00000, 0x0000000800000000)
  region size 2048K, 2 young (4096K), 2 survivors (4096K)
 Metaspace       used 72445K, committed 72832K, reserved 1114112K
  class space    used 8020K, committed 8256K, reserved 1048576K
}
Event: 28.354 GC heap before
{Heap before GC invocations=58 (full 0):
 garbage-first heap   total 614400K, used 548904K [0x0000000704e00000, 0x0000000800000000)
  region size 2048K, 15 young (30720K), 2 survivors (4096K)
 Metaspace       used 72510K, committed 72960K, reserved 1114112K
  class space    used 8020K, committed 8256K, reserved 1048576K
}
Event: 28.358 GC heap after
{Heap after GC invocations=59 (full 0):
 garbage-first heap   total 614400K, used 526391K [0x0000000704e00000, 0x0000000800000000)
  region size 2048K, 2 young (4096K), 2 survivors (4096K)
 Metaspace       used 72510K, committed 72960K, reserved 1114112K
  class space    used 8020K, committed 8256K, reserved 1048576K
}
Event: 28.571 GC heap before
{Heap before GC invocations=59 (full 0):
 garbage-first heap   total 614400K, used 553015K [0x0000000704e00000, 0x0000000800000000)
  region size 2048K, 15 young (30720K), 2 survivors (4096K)
 Metaspace       used 72531K, committed 72960K, reserved 1114112K
  class space    used 8020K, committed 8256K, reserved 1048576K
}
Event: 28.574 GC heap after
{Heap after GC invocations=60 (full 0):
 garbage-first heap   total 614400K, used 530416K [0x0000000704e00000, 0x0000000800000000)
  region size 2048K, 2 young (4096K), 2 survivors (4096K)
 Metaspace       used 72531K, committed 72960K, reserved 1114112K
  class space    used 8020K, committed 8256K, reserved 1048576K
}
Event: 28.803 GC heap before
{Heap before GC invocations=60 (full 0):
 garbage-first heap   total 614400K, used 557040K [0x0000000704e00000, 0x0000000800000000)
  region size 2048K, 15 young (30720K), 2 survivors (4096K)
 Metaspace       used 72574K, committed 73024K, reserved 1114112K
  class space    used 8021K, committed 8256K, reserved 1048576K
}
Event: 28.806 GC heap after
{Heap after GC invocations=61 (full 0):
 garbage-first heap   total 614400K, used 533199K [0x0000000704e00000, 0x0000000800000000)
  region size 2048K, 2 young (4096K), 2 survivors (4096K)
 Metaspace       used 72574K, committed 73024K, reserved 1114112K
  class space    used 8021K, committed 8256K, reserved 1048576K
}
Event: 28.986 GC heap before
{Heap before GC invocations=61 (full 0):
 garbage-first heap   total 614400K, used 559823K [0x0000000704e00000, 0x0000000800000000)
  region size 2048K, 15 young (30720K), 2 survivors (4096K)
 Metaspace       used 72594K, committed 73024K, reserved 1114112K
  class space    used 8021K, committed 8256K, reserved 1048576K
}
Event: 28.992 GC heap after
{Heap after GC invocations=62 (full 0):
 garbage-first heap   total 614400K, used 537021K [0x0000000704e00000, 0x0000000800000000)
  region size 2048K, 2 young (4096K), 2 survivors (4096K)
 Metaspace       used 72594K, committed 73024K, reserved 1114112K
  class space    used 8021K, committed 8256K, reserved 1048576K
}
Event: 29.183 GC heap before
{Heap before GC invocations=62 (full 0):
 garbage-first heap   total 614400K, used 563645K [0x0000000704e00000, 0x0000000800000000)
  region size 2048K, 15 young (30720K), 2 survivors (4096K)
 Metaspace       used 72600K, committed 73024K, reserved 1114112K
  class space    used 8021K, committed 8256K, reserved 1048576K
}
Event: 29.186 GC heap after
{Heap after GC invocations=63 (full 0):
 garbage-first heap   total 614400K, used 541038K [0x0000000704e00000, 0x0000000800000000)
  region size 2048K, 2 young (4096K), 2 survivors (4096K)
 Metaspace       used 72600K, committed 73024K, reserved 1114112K
  class space    used 8021K, committed 8256K, reserved 1048576K
}

